<?xml version="1.0" encoding="UTF-8"?>
<!-- Generated by org.testng.reporters.JUnitReportReporter -->
<testsuite hostname="DESKTOP-RF1FGHP" failures="0" tests="1" name="TestExecutor.TestRunner" time="41.038" errors="0" timestamp="2020-01-07T12:35:25 IST" skipped="0">
  <testcase classname="TestExecutor.TestRunner" name="FramerQuotaTest" time="41.038"/>
</testsuite> <!-- TestExecutor.TestRunner -->
