<?xml version="1.0" encoding="UTF-8"?>
<!-- Generated by org.testng.reporters.JUnitReportReporter -->
<testsuite hostname="DESKTOP-RF1FGHP" failures="0" tests="1" name="TestExecutor.TestRunner" time="3.547" errors="0" timestamp="2020-07-24T16:25:49 IST" skipped="0">
  <testcase classname="TestExecutor.TestRunner" name="Test" time="3.547"/>
</testsuite> <!-- TestExecutor.TestRunner -->
